[04Mar2015 00:58:26] ERROR [letflysite:/home/python/django/letflysite.com/common/log_utils.py:13] ('Error in parsing image:', 'cannot parse this image')
[04Mar2015 01:07:40] ERROR [letflysite:/home/python/django/letflysite.com/common/log_utils.py:13] ('Error in parsing image:', 'cannot parse this image')
[04Mar2015 01:19:18] ERROR [letflysite:/home/python/django/letflysite.com/common/log_utils.py:13] ('Error in parsing image:', 'cannot parse this image')
[04Mar2015 20:17:37] ERROR [letflysite:/home/python/django/letflysite.com/common/log_utils.py:13] ('Error in parsing image:', 'cannot parse this image')
[08Mar2015 15:28:54] ERROR [letflysite:/home/python/django/letflysite.com/common/log_utils.py:13] Error in Paring Image: decoder jpeg not available
[08Mar2015 21:15:27] ERROR [letflysite:/home/python/django/letflysite.com/common/log_utils.py:13] ('Error in parsing image:', 'decoder zip not available')
[08Mar2015 22:19:32] ERROR [letflysite:/home/python/django/letflysite.com/common/log_utils.py:13] ('Error in parsing image:', 'decoder zip not available')
[08Mar2015 22:24:47] ERROR [letflysite:/home/python/django/letflysite.com/common/log_utils.py:13] ('Error in parsing image:', 'The _imaging C module is not installed')
[08Mar2015 22:24:58] ERROR [letflysite:/home/python/django/letflysite.com/common/log_utils.py:13] ('Error in parsing image:', 'The _imaging C module is not installed')
[08Mar2015 22:36:28] ERROR [letflysite:/home/python/django/letflysite.com/common/log_utils.py:13] ('Error in parsing image:', 'decoder zip not available')
[08Mar2015 22:39:44] ERROR [letflysite:/home/python/django/letflysite.com/common/log_utils.py:13] ('Error in parsing image:', 'decoder zip not available')
[08Mar2015 22:40:09] ERROR [letflysite:/home/python/django/letflysite.com/common/log_utils.py:13] ('Error in parsing image:', 'The _imaging C module is not installed')
[08Mar2015 22:46:02] ERROR [letflysite:/home/python/django/letflysite.com/common/log_utils.py:13] ('Error in parsing image:', 'The _imaging C module is not installed')
[08Mar2015 22:52:10] ERROR [letflysite:/home/python/django/letflysite.com/common/log_utils.py:13] ('Error in parsing image:', 'The _imaging C module is not installed')
[08Mar2015 22:54:58] ERROR [letflysite:/home/python/django/letflysite.com/common/log_utils.py:13] ('Error in parsing image:', 'The _imaging C module is not installed')
[08Mar2015 16:40:15] ERROR [letflysite:/home/python/django/letflysite.com/common/log_utils.py:13] ('Error in parsing image:', 'cannot parse this image')
[08Mar2015 16:49:28] ERROR [letflysite:/home/python/django/letflysite.com/common/log_utils.py:13] ('Error in parsing image:', 'cannot parse this image')
[08Mar2015 16:58:34] ERROR [letflysite:/home/python/django/letflysite.com/common/log_utils.py:13] ('Error in parsing image:', 'cannot parse this image')
[10Mar2015 13:48:00] ERROR [letflysite:/home/python/django/letflysite.com/common/log_utils.py:13] ('Error in parsing image:', 'cannot parse this image')
[10Mar2015 13:48:33] ERROR [letflysite:/home/python/django/letflysite.com/common/log_utils.py:13] ('Error in parsing image:', 'cannot parse this image')
[10Mar2015 13:49:31] ERROR [letflysite:/home/python/django/letflysite.com/common/log_utils.py:13] ('Error in parsing image:', 'cannot parse this image')
[18Mar2015 20:55:12] ERROR [letflysite:/home/python/django/letflysite.com/common/log_utils.py:13] ('Error in parsing image:', "local variable 'parser' referenced before assignment")
[18Mar2015 20:59:28] ERROR [letflysite:/home/python/django/letflysite.com/common/log_utils.py:13] ('Error in parsing image:', "local variable 'parser' referenced before assignment")
